#
# There is insufficient memory for the Java Runtime Environment to continue.
# Native memory allocation (mmap) failed to map 132120576 bytes for G1 virtual space
# Possible reasons:
#   The system is out of physical RAM or swap space
#   The process is running with CompressedOops enabled, and the Java Heap may be blocking the growth of the native heap
# Possible solutions:
#   Reduce memory load on the system
#   Increase physical memory or swap space
#   Check if swap backing store is full
#   Decrease Java heap size (-Xmx/-Xms)
#   Decrease number of Java threads
#   Decrease Java thread stack sizes (-Xss)
#   Set larger code cache with -XX:ReservedCodeCacheSize=
#   JVM is running with Unscaled Compressed Oops mode in which the Java heap is
#     placed in the first 4GB address space. The Java Heap base address is the
#     maximum limit for the native heap growth. Please use -XX:HeapBaseMinAddress
#     to set the Java Heap base and to place the Java Heap above 4GB virtual address.
# This output file may be truncated or incomplete.
#
#  Out of Memory Error (./open/src/hotspot/os/windows/os_windows.cpp:3472), pid=44752, tid=43404
#
# JRE version:  (15.0.1+9) (build )
# Java VM: OpenJDK 64-Bit Server VM (15.0.1+9-18, mixed mode, sharing, tiered, compressed oops, g1 gc, windows-amd64)
# No core dump will be written. Minidumps are not enabled by default on client versions of Windows
#

---------------  S U M M A R Y ------------

Command Line: -XX:TieredStopAtLevel=1 -Xverify:none -Dspring.output.ansi.enabled=always -Dcom.sun.management.jmxremote -Dspring.jmx.enabled=true -Dspring.liveBeansView.mbeanDomain -Dspring.application.admin.enabled=true -javaagent:C:\Program Files\JetBrains\IntelliJ IDEA 2020.2.3\lib\idea_rt.jar=49310:C:\Program Files\JetBrains\IntelliJ IDEA 2020.2.3\bin -Dfile.encoding=UTF-8 ftn.booking.BookingApplication

Host: Intel(R) Core(TM) i5-10210U CPU @ 1.60GHz, 8 cores, 7G,  Windows 10 , 64 bit Build 19041 (10.0.19041.1202)
Time: Tue Nov  2 15:36:12 2021 Central Europe Standard Time elapsed time: 0.033146 seconds (0d 0h 0m 0s)

---------------  T H R E A D  ---------------

Current thread (0x0000020f417706b0):  JavaThread "Unknown thread" [_thread_in_vm, id=43404, stack(0x0000008084000000,0x0000008084100000)]

Stack: [0x0000008084000000,0x0000008084100000]
Native frames: (J=compiled Java code, j=interpreted, Vv=VM code, C=native code)
V  [jvm.dll+0x62ae9a]
V  [jvm.dll+0x781389]
V  [jvm.dll+0x782ae3]
V  [jvm.dll+0x783143]
V  [jvm.dll+0x216265]
V  [jvm.dll+0x6281d9]
V  [jvm.dll+0x61cd15]
V  [jvm.dll+0x2d01fd]
V  [jvm.dll+0x2d0062]
V  [jvm.dll+0x2d603c]
V  [jvm.dll+0x325b2a]
V  [jvm.dll+0x3251f4]
V  [jvm.dll+0x2a717a]
V  [jvm.dll+0x2a8318]
V  [jvm.dll+0x75e101]
V  [jvm.dll+0x3343e4]
V  [jvm.dll+0x73e826]
V  [jvm.dll+0x3b7777]
V  [jvm.dll+0x3b9201]
C  [jli.dll+0x52fb]
C  [ucrtbase.dll+0x21bb2]
C  [KERNEL32.DLL+0x17034]
C  [ntdll.dll+0x52651]


---------------  P R O C E S S  ---------------

Threads class SMR info:
_java_thread_list=0x00007ffec9a44ff0, length=0, elements={
}

Java Threads: ( => current thread )

Other Threads:
  0x0000020f417b08d0 GCTaskThread "GC Thread#0" [stack: 0x0000008084100000,0x0000008084200000] [id=29020]
  0x0000020f417c13e0 ConcurrentGCThread "G1 Main Marker" [stack: 0x0000008084200000,0x0000008084300000] [id=40824]
  0x0000020f417c1fd0 ConcurrentGCThread "G1 Conc#0" [stack: 0x0000008084300000,0x0000008084400000] [id=40216]

[error occurred during error reporting (printing all threads), id 0xc0000005, EXCEPTION_ACCESS_VIOLATION (0xc0000005) at pc=0x00007ffec9238047]

VM state: not at safepoint (not fully initialized)

VM Mutex/Monitor currently owned by a thread:  ([mutex/lock_event])
[0x0000020f41769c50] Heap_lock - owner thread: 0x0000020f417706b0

Heap address: 0x0000000083200000, size: 1998 MB, Compressed Oops mode: 32-bit
CDS archive(s) mapped at: [0x0000000000000000-0x0000000000000000-0x0000000000000000), size 0, SharedBaseAddress: 0x0000000800000000, ArchiveRelocationMode: 0.
Narrow klass base: 0x0000000000000000, Narrow klass shift: 0, Narrow klass range: 0x0

Heap:
 garbage-first heap   total 129024K, used 0K [0x0000000083200000, 0x0000000100000000)
  region size 1024K, 0 young (0K), 0 survivors (0K)
 Metaspace       used 0K, capacity 0K, committed 0K, reserved 0K
  class space    used 0K, capacity 0K, committed 0K, reserved 0K

Heap Regions: E=young(eden), S=young(survivor), O=old, HS=humongous(starts), HC=humongous(continues), CS=collection set, F=free, OA=open archive, CA=closed archive, TAMS=top-at-mark-start (previous, next)

Card table byte_map: [0x0000020f5afd0000,0x0000020f5b3c0000] _byte_map_base: 0x0000020f5abb7000

Marking Bits (Prev, Next): (CMBitMap*) 0x0000020f417b10c0, (CMBitMap*) 0x0000020f417b1100
 Prev Bits: [0x0000020f5b7b0000, 0x0000020f5d6e8000)
 Next Bits: [0x0000020f5d6f0000, 0x0000020f5f628000)

GC Heap History (0 events):
No events

Deoptimization events (0 events):
No events

Classes unloaded (0 events):
No events

Classes redefined (0 events):
No events

Internal exceptions (0 events):
No events

Events (1 events):
Event: 0.023 Loaded shared library C:\Users\Andjela Paunovic\.jdks\openjdk-15.0.1\bin\java.dll


Dynamic libraries:
0x00007ff6b5200000 - 0x00007ff6b520d000 	C:\Users\Andjela Paunovic\.jdks\openjdk-15.0.1\bin\java.exe
0x00007fff2d450000 - 0x00007fff2d645000 	C:\WINDOWS\SYSTEM32\ntdll.dll
0x00007fff2c2f0000 - 0x00007fff2c3ae000 	C:\WINDOWS\System32\KERNEL32.DLL
0x00007fff2b1d0000 - 0x00007fff2b499000 	C:\WINDOWS\System32\KERNELBASE.dll
0x00007fff2ac80000 - 0x00007fff2ad80000 	C:\WINDOWS\System32\ucrtbase.dll
0x00007fff1e6f0000 - 0x00007fff1e708000 	C:\Users\Andjela Paunovic\.jdks\openjdk-15.0.1\bin\jli.dll
0x00007fff2bf60000 - 0x00007fff2c101000 	C:\WINDOWS\System32\USER32.dll
0x00007fff2ae20000 - 0x00007fff2ae42000 	C:\WINDOWS\System32\win32u.dll
0x00007fff2c2c0000 - 0x00007fff2c2eb000 	C:\WINDOWS\System32\GDI32.dll
0x00007fff2ab70000 - 0x00007fff2ac7b000 	C:\WINDOWS\System32\gdi32full.dll
0x00007fff2ad80000 - 0x00007fff2ae1d000 	C:\WINDOWS\System32\msvcp_win.dll
0x00007fff1e690000 - 0x00007fff1e6a9000 	C:\Users\Andjela Paunovic\.jdks\openjdk-15.0.1\bin\VCRUNTIME140.dll
0x00007fff13c80000 - 0x00007fff13f1a000 	C:\WINDOWS\WinSxS\amd64_microsoft.windows.common-controls_6595b64144ccf1df_6.0.19041.1110_none_60b5254171f9507e\COMCTL32.dll
0x00007fff2bd60000 - 0x00007fff2bdfe000 	C:\WINDOWS\System32\msvcrt.dll
0x00007fff2bf30000 - 0x00007fff2bf60000 	C:\WINDOWS\System32\IMM32.DLL
0x00007fff22a20000 - 0x00007fff22a2c000 	C:\Users\Andjela Paunovic\.jdks\openjdk-15.0.1\bin\vcruntime140_1.dll
0x00007ffed3600000 - 0x00007ffed3691000 	C:\Users\Andjela Paunovic\.jdks\openjdk-15.0.1\bin\msvcp140.dll
0x00007ffec8f80000 - 0x00007ffec9ade000 	C:\Users\Andjela Paunovic\.jdks\openjdk-15.0.1\bin\server\jvm.dll
0x00007fff2cc10000 - 0x00007fff2ccbc000 	C:\WINDOWS\System32\ADVAPI32.dll
0x00007fff2c860000 - 0x00007fff2c8fb000 	C:\WINDOWS\System32\sechost.dll
0x00007fff2ca80000 - 0x00007fff2cbaa000 	C:\WINDOWS\System32\RPCRT4.dll
0x00007fff2d400000 - 0x00007fff2d408000 	C:\WINDOWS\System32\PSAPI.DLL
0x00007fff0bb40000 - 0x00007fff0bb49000 	C:\WINDOWS\SYSTEM32\WSOCK32.dll
0x00007fff2d390000 - 0x00007fff2d3fb000 	C:\WINDOWS\System32\WS2_32.dll
0x00007fff14870000 - 0x00007fff14897000 	C:\WINDOWS\SYSTEM32\WINMM.dll
0x00007fff1ed90000 - 0x00007fff1ed9a000 	C:\WINDOWS\SYSTEM32\VERSION.dll
0x00007fff293b0000 - 0x00007fff293c2000 	C:\WINDOWS\SYSTEM32\kernel.appcore.dll
0x00007fff210e0000 - 0x00007fff210ea000 	C:\Users\Andjela Paunovic\.jdks\openjdk-15.0.1\bin\jimage.dll
0x00007fff286c0000 - 0x00007fff288a4000 	C:\WINDOWS\SYSTEM32\DBGHELP.DLL
0x00007fff0e2a0000 - 0x00007fff0e2cc000 	C:\WINDOWS\SYSTEM32\dbgcore.DLL
0x00007fff2b110000 - 0x00007fff2b193000 	C:\WINDOWS\System32\bcryptPrimitives.dll
0x00007fff210a0000 - 0x00007fff210ae000 	C:\Users\Andjela Paunovic\.jdks\openjdk-15.0.1\bin\instrument.dll
0x00007fff1e520000 - 0x00007fff1e545000 	C:\Users\Andjela Paunovic\.jdks\openjdk-15.0.1\bin\java.dll

dbghelp: loaded successfully - version: 4.0.5 - missing functions: none
symbol engine: initialized successfully - sym options: 0x614 - pdb path: .;C:\Users\Andjela Paunovic\.jdks\openjdk-15.0.1\bin;C:\WINDOWS\SYSTEM32;C:\WINDOWS\WinSxS\amd64_microsoft.windows.common-controls_6595b64144ccf1df_6.0.19041.1110_none_60b5254171f9507e;C:\Users\Andjela Paunovic\.jdks\openjdk-15.0.1\bin\server

VM Arguments:
jvm_args: -XX:TieredStopAtLevel=1 -Xverify:none -Dspring.output.ansi.enabled=always -Dcom.sun.management.jmxremote -Dspring.jmx.enabled=true -Dspring.liveBeansView.mbeanDomain -Dspring.application.admin.enabled=true -javaagent:C:\Program Files\JetBrains\IntelliJ IDEA 2020.2.3\lib\idea_rt.jar=49310:C:\Program Files\JetBrains\IntelliJ IDEA 2020.2.3\bin -Dfile.encoding=UTF-8 
java_command: ftn.booking.BookingApplication
java_class_path (initial): C:\Users\Andjela Paunovic\Desktop\ISA\server\target\classes;C:\Users\Andjela Paunovic\.m2\repository\org\springframework\boot\spring-boot-starter-data-jdbc\2.5.6\spring-boot-starter-data-jdbc-2.5.6.jar;C:\Users\Andjela Paunovic\.m2\repository\org\springframework\boot\spring-boot-starter-jdbc\2.5.6\spring-boot-starter-jdbc-2.5.6.jar;C:\Users\Andjela Paunovic\.m2\repository\com\zaxxer\HikariCP\4.0.3\HikariCP-4.0.3.jar;C:\Users\Andjela Paunovic\.m2\repository\org\springframework\spring-jdbc\5.3.12\spring-jdbc-5.3.12.jar;C:\Users\Andjela Paunovic\.m2\repository\org\springframework\data\spring-data-jdbc\2.2.6\spring-data-jdbc-2.2.6.jar;C:\Users\Andjela Paunovic\.m2\repository\org\springframework\data\spring-data-relational\2.2.6\spring-data-relational-2.2.6.jar;C:\Users\Andjela Paunovic\.m2\repository\org\springframework\data\spring-data-commons\2.5.6\spring-data-commons-2.5.6.jar;C:\Users\Andjela Paunovic\.m2\repository\org\springframework\spring-tx\5.3.12\spring-tx-5.3.12.jar;C:\Users\Andjela Paunovic\.m2\repository\org\springframework\spring-context\5.3.12\spring-context-5.3.12.jar;C:\Users\Andjela Paunovic\.m2\repository\org\springframework\spring-beans\5.3.12\spring-beans-5.3.12.jar;C:\Users\Andjela Paunovic\.m2\repository\org\slf4j\slf4j-api\1.7.32\slf4j-api-1.7.32.jar;C:\Users\Andjela Paunovic\.m2\repository\org\springframework\boot\spring-boot-starter-data-jpa\2.5.6\spring-boot-starter-data-jpa-2.5.6.jar;C:\Users\Andjela Paunovic\.m2\repository\org\springframework\boot\spring-boot-starter-aop\2.5.6\spring-boot-starter-aop-2.5.6.jar;C:\Users\Andjela Paunovic\.m2\repository\org\aspectj\aspectjweaver\1.9.7\aspectjweaver-1.9.7.jar;C:\Users\Andjela Paunovic\.m2\repository\jakarta\transaction\jakarta.transaction-api\1.3.3\jakarta.transaction-api-1.3.3.jar;C:\Users\Andjela Paunovic\.m2\repository\jakarta\persistence\jakarta.persistence-api\2.2.3\jakarta.persistence-api-2.2.3.jar;C:\Users\Andjela Paunovic\.m2\repository\org\hibernate\hibernat
Launcher Type: SUN_STANDARD

[Global flags]
     intx CICompilerCount                          = 4                                         {product} {ergonomic}
     uint ConcGCThreads                            = 2                                         {product} {ergonomic}
     uint G1ConcRefinementThreads                  = 8                                         {product} {ergonomic}
   size_t G1HeapRegionSize                         = 1048576                                   {product} {ergonomic}
    uintx GCDrainStackTargetSize                   = 64                                        {product} {ergonomic}
   size_t InitialHeapSize                          = 132120576                                 {product} {ergonomic}
     bool ManagementServer                         = true                                      {product} {command line}
   size_t MarkStackSize                            = 4194304                                   {product} {ergonomic}
   size_t MaxHeapSize                              = 2095054848                                {product} {ergonomic}
   size_t MinHeapDeltaBytes                        = 1048576                                   {product} {ergonomic}
   size_t MinHeapSize                              = 8388608                                   {product} {ergonomic}
    uintx NonNMethodCodeHeapSize                   = 7549744                                {pd product} {ergonomic}
    uintx NonProfiledCodeHeapSize                  = 244108496                              {pd product} {ergonomic}
    uintx ProfiledCodeHeapSize                     = 0                                      {pd product} {ergonomic}
    uintx ReservedCodeCacheSize                    = 251658240                              {pd product} {ergonomic}
     bool SegmentedCodeCache                       = true                                      {product} {ergonomic}
   size_t SoftMaxHeapSize                          = 2095054848                             {manageable} {ergonomic}
     intx TieredStopAtLevel                        = 1                                         {product} {command line}
     bool UseCompressedClassPointers               = true                                 {lp64_product} {ergonomic}
     bool UseCompressedOops                        = true                                 {lp64_product} {ergonomic}
     bool UseG1GC                                  = true                                      {product} {ergonomic}
     bool UseLargePagesIndividualAllocation        = false                                  {pd product} {ergonomic}

Logging:
Log output configuration:
 #0: stdout all=warning uptime,level,tags
 #1: stderr all=off uptime,level,tags

Environment Variables:
PATH=C:\Program Files\Common Files\Oracle\Java\javapath;C:\oraclexe\app\oracle\product\11.2.0\server\bin;C:\Program Files (x86)\Common Files\Oracle\Java\javapath;C:\Windows\system32;C:\Windows;C:\Windows\System32\Wbem;C:\Windows\System32\WindowsPowerShell\v1.0\;C:\Windows\System32\OpenSSH\;C:\Program Files (x86)\NVIDIA Corporation\PhysX\Common;C:\Program Files\NVIDIA Corporation\NVIDIA NvDLISR;C:\Program Files\dotnet\;C:\WINDOWS\system32;C:\WINDOWS;C:\WINDOWS\System32\Wbem;C:\WINDOWS\System32\WindowsPowerShell\v1.0\;C:\WINDOWS\System32\OpenSSH\;C:\Program Files\nodejs\;C:\Program Files\Go\bin;C:\ProgramFiles\MongoDB\Server\4.4\bin;;C:\Program Files\Docker\Docker\resources\bin;C:\ProgramData\DockerDesktop\version-bin;C:\Program Files\MySQL\MySQL Shell 8.0\bin\;C:\Users\Andjela Paunovic\AppData\Local\Microsoft\WindowsApps;C:\Users\Andjela Paunovic\AppData\Local\GitHubDesktop\bin;C:\Users\Andjela Paunovic\AppData\Roaming\npm;C:\Users\Andjela Paunovic\AppData\Local\Programs\Microsoft VS Code\bin;C:\Users\Andjela Paunovic\go\bin;
USERNAME=Andjela Paunovic
OS=Windows_NT
PROCESSOR_IDENTIFIER=Intel64 Family 6 Model 142 Stepping 12, GenuineIntel



---------------  S Y S T E M  ---------------

OS:
 Windows 10 , 64 bit Build 19041 (10.0.19041.1202)
OS uptime: 1 days 20:28 hours
HyperV virtualization detected

CPU: total 8 (initial active 8) (4 cores per cpu, 2 threads per core) family 6 model 142 stepping 12 microcode 0xbe, cmov, cx8, fxsr, mmx, sse, sse2, sse3, ssse3, sse4.1, sse4.2, popcnt, vzeroupper, avx, avx2, aes, clmul, erms, 3dnowpref, lzcnt, ht, tsc, tscinvbit, bmi1, bmi2, adx, fma, clflush, clflushopt

Memory: 4k page, system-wide physical 7991M (699M free)
TotalPageFile size 15301M (AvailPageFile size 86M)
current process WorkingSet (physical memory assigned to process): 10M, peak: 10M
current process commit charge ("private bytes"): 57M, peak: 183M

vm_info: OpenJDK 64-Bit Server VM (15.0.1+9-18) for windows-amd64 JRE (15.0.1+9-18), built on Sep 15 2020 14:39:31 by "mach5one" with unknown MS VC++:1925

END.
